<?xml version="1.0" encoding="UTF-8"?>
<!-- Generated by org.testng.reporters.JUnitXMLReporter -->
<testsuite ignored="0" hostname="LAPTOP-020HTH5G" failures="1" tests="3" name="emulator-5554" time="0.258" errors="0" timestamp="2023-02-05T19:30:44 ICT">
  <testcase classname="tests.BaseTest" name="@AfterMethod captureScreenshot" time="0.01">
    <failure type="java.lang.IllegalArgumentException" message="Please provide env variable [remote]!">
      <![CDATA[java.lang.IllegalArgumentException: Please provide env variable [remote]!
at driver.DriverFactory.getDriver(DriverFactory.java:54)
at tests.BaseTest.getDriver(BaseTest.java:34)
at tests.BaseTest.captureScreenshot(BaseTest.java:78)
at java.base/java.util.ArrayList.forEach(ArrayList.java:1541)
at java.base/java.util.concurrent.FutureTask.run(FutureTask.java:264)
at java.base/java.util.concurrent.ThreadPoolExecutor.runWorker(ThreadPoolExecutor.java:1128)
at java.base/java.util.concurrent.ThreadPoolExecutor$Worker.run(ThreadPoolExecutor.java:628)
at java.base/java.lang.Thread.run(Thread.java:834)
... Removed 22 stack frames]]>
    </failure>
  </testcase> <!-- @AfterMethod captureScreenshot -->
  <testcase classname="tests.BaseTest" name="@AfterMethod captureScreenshot" time="0.0">
    <skipped/>
  </testcase> <!-- @AfterMethod captureScreenshot -->
  <testcase classname="tests.BaseTest" name="@AfterMethod captureScreenshot" time="0.0">
    <skipped/>
  </testcase> <!-- @AfterMethod captureScreenshot -->
  <testcase classname="tests.authen.LoginWithBaseTest" name="testLogin" time="0.067">
    <failure type="java.lang.IllegalArgumentException" message="Please provide env variable [remote]!">
      <![CDATA[java.lang.IllegalArgumentException: Please provide env variable [remote]!
at driver.DriverFactory.getDriver(DriverFactory.java:54)
at tests.BaseTest.getDriver(BaseTest.java:34)
at tests.authen.LoginWithBaseTest.testLogin(LoginWithBaseTest.java:19)
at java.base/java.util.ArrayList.forEach(ArrayList.java:1541)
at java.base/java.util.concurrent.FutureTask.run(FutureTask.java:264)
at java.base/java.util.concurrent.ThreadPoolExecutor.runWorker(ThreadPoolExecutor.java:1128)
at java.base/java.util.concurrent.ThreadPoolExecutor$Worker.run(ThreadPoolExecutor.java:628)
at java.base/java.lang.Thread.run(Thread.java:834)
... Removed 17 stack frames]]>
    </failure>
  </testcase> <!-- testLogin -->
  <testcase classname="tests.authen.LoginWithBaseTest" name="testLogin" time="0.0">
    <skipped/>
  </testcase> <!-- testLogin -->
  <testcase classname="tests.authen.LoginWithBaseTest" name="testLogin" time="0.0">
    <skipped/>
  </testcase> <!-- testLogin -->
</testsuite> <!-- emulator-5554 -->
