<?xml version="1.0" encoding="UTF-8"?>
<!-- Generated by org.testng.reporters.JUnitReportReporter -->
<testsuite hostname="LAPTOP-020HTH5G" failures="0" tests="2" name="tests_learning.testng.TestNGHooks02" time="0.007" errors="0" timestamp="2023-02-05T19:06:31 ICT" skipped="0">
  <testcase classname="tests_learning.testng.TestNGHooks02" name="testSth02" time="0.003"/>
  <system-out/>
  <testcase classname="tests_learning.testng.TestNGHooks02" name="testSth01" time="0.004"/>
  <system-out/>
</testsuite> <!-- tests_learning.testng.TestNGHooks02 -->
